2024-07-28 17:15:31,786 - utils - INFO - Через указанный путь открываем JSON-файл для чтения
2024-07-28 17:15:31,840 - utils - INFO - Получаем список финансовых транзакций
2024-07-28 17:15:31,843 - utils - INFO - Открываем файл CVS для чтения
2024-07-28 17:15:31,843 - utils - INFO - Преобразовываем данные файла CVS в список словарей
2024-07-28 17:15:31,854 - utils - INFO - Получаем список финансовых транзакций из файла CVS
2024-07-28 17:15:31,873 - utils - INFO - Открываем файл Excel для чтения
2024-07-28 17:15:32,458 - utils - INFO - Преобразовываем данные файла Excel в список словарей
2024-07-28 17:15:32,488 - utils - INFO - Получаем список финансовых транзакций из файла XLSX
2024-07-28 17:28:18,673 - transactions_csv_xlsx.py - INFO - Открываем файл CVS для чтения
2024-07-28 17:28:18,674 - transactions_csv_xlsx.py - INFO - Преобразовываем данные файла CVS в список словарей
2024-07-28 17:28:18,675 - transactions_csv_xlsx.py - INFO - Получаем список финансовых транзакций из файла CVS
2024-07-28 17:28:33,215 - transactions_csv_xlsx.py - INFO - Открываем файл CVS для чтения
2024-07-28 17:28:33,216 - transactions_csv_xlsx.py - INFO - Преобразовываем данные файла CVS в список словарей
2024-07-28 17:28:33,216 - transactions_csv_xlsx.py - INFO - Получаем список финансовых транзакций из файла CVS
2024-07-28 17:28:43,769 - transactions_csv_xlsx.py - INFO - Открываем файл Excel для чтения
2024-07-28 17:28:43,770 - transactions_csv_xlsx.py - INFO - Преобразовываем данные файла Excel в список словарей
2024-07-28 17:28:43,771 - transactions_csv_xlsx.py - INFO - Получаем список финансовых транзакций из файла XLSX
2024-07-28 17:48:15,054 - transactions_csv_xlsx.py - INFO - Открываем файл CVS для чтения
2024-07-28 17:48:15,056 - transactions_csv_xlsx.py - INFO - Преобразовываем данные файла CVS в список словарей
2024-07-28 17:48:15,056 - transactions_csv_xlsx.py - INFO - Получаем список финансовых транзакций из файла CVS
